/*C4*/SET SCHEMA PUBLIC
DISCONNECT
/*C9*/SET SCHEMA PUBLIC
\u000a    alter table USERS \u000a        drop constraint FK_dug0mwvm7i9b1pjaw7j4dkeuq
\u000a    drop table COUNTRY if exists
\u000a    drop table CURRENCY if exists
\u000a    drop table USERS if exists
\u000a    create table COUNTRY (\u000a        id bigint generated by default as identity (start with 1),\u000a        created timestamp,\u000a        updated timestamp,\u000a        code varchar(2) not null,\u000a        name varchar(255) not null,\u000a        primary key (id)\u000a    )
\u000a    create table CURRENCY (\u000a        id bigint generated by default as identity (start with 1),\u000a        created timestamp,\u000a        updated timestamp,\u000a        code varchar(3) not null,\u000a        name varchar(255) not null,\u000a        primary key (id)\u000a    )
\u000a    create table USERS (\u000a        id bigint generated by default as identity (start with 1),\u000a        created timestamp,\u000a        updated timestamp,\u000a        birthday timestamp not null,\u000a        city varchar(255) not null,\u000a        email varchar(255) not null,\u000a        firstName varchar(255) not null,\u000a        lastName varchar(255) not null,\u000a        password varchar(255) not null,\u000a        role varchar(255),\u000a        street varchar(255) not null,\u000a        zipCode varchar(255) not null,\u000a        country_id bigint not null,\u000a        primary key (id)\u000a    )
\u000a    alter table COUNTRY \u000a        add constraint COUNTRY_NAME_UC  unique (name)
\u000a    alter table CURRENCY \u000a        add constraint CURRENCY_CODE_UC  unique (name)
\u000a    alter table USERS \u000a        add constraint USER_EMAIL_UC  unique (email)
\u000a    alter table USERS \u000a        add constraint FK_dug0mwvm7i9b1pjaw7j4dkeuq \u000a        foreign key (country_id) \u000a        references COUNTRY
INSERT INTO COUNTRY VALUES(1,NULL,NULL,'AF','Afghanistan')
COMMIT
INSERT INTO COUNTRY VALUES(2,NULL,NULL,'AL','Albania')
COMMIT
INSERT INTO COUNTRY VALUES(3,NULL,NULL,'DZ','Algeria')
COMMIT
INSERT INTO COUNTRY VALUES(4,NULL,NULL,'DS','American Samoa')
COMMIT
INSERT INTO COUNTRY VALUES(5,NULL,NULL,'AD','Andorra')
COMMIT
INSERT INTO COUNTRY VALUES(6,NULL,NULL,'AO','Angola')
COMMIT
INSERT INTO COUNTRY VALUES(7,NULL,NULL,'AI','Anguilla')
COMMIT
INSERT INTO COUNTRY VALUES(8,NULL,NULL,'AQ','Antarctica')
COMMIT
INSERT INTO COUNTRY VALUES(9,NULL,NULL,'AG','Antigua and Barbuda')
COMMIT
INSERT INTO COUNTRY VALUES(10,NULL,NULL,'AR','Argentina')
COMMIT
INSERT INTO COUNTRY VALUES(11,NULL,NULL,'AM','Armenia')
COMMIT
INSERT INTO COUNTRY VALUES(12,NULL,NULL,'AW','Aruba')
COMMIT
INSERT INTO COUNTRY VALUES(13,NULL,NULL,'AU','Australia')
COMMIT
INSERT INTO COUNTRY VALUES(14,NULL,NULL,'AT','Austria')
COMMIT
INSERT INTO COUNTRY VALUES(15,NULL,NULL,'AZ','Azerbaijan')
COMMIT
INSERT INTO COUNTRY VALUES(16,NULL,NULL,'BS','Bahamas')
COMMIT
INSERT INTO COUNTRY VALUES(17,NULL,NULL,'BH','Bahrain')
COMMIT
INSERT INTO COUNTRY VALUES(18,NULL,NULL,'BD','Bangladesh')
COMMIT
INSERT INTO COUNTRY VALUES(19,NULL,NULL,'BB','Barbados')
COMMIT
INSERT INTO COUNTRY VALUES(20,NULL,NULL,'BY','Belarus')
COMMIT
INSERT INTO COUNTRY VALUES(21,NULL,NULL,'BE','Belgium')
COMMIT
INSERT INTO COUNTRY VALUES(22,NULL,NULL,'BZ','Belize')
COMMIT
INSERT INTO COUNTRY VALUES(23,NULL,NULL,'BJ','Benin')
COMMIT
INSERT INTO COUNTRY VALUES(24,NULL,NULL,'BM','Bermuda')
COMMIT
INSERT INTO COUNTRY VALUES(25,NULL,NULL,'BT','Bhutan')
COMMIT
INSERT INTO COUNTRY VALUES(26,NULL,NULL,'BO','Bolivia')
COMMIT
INSERT INTO COUNTRY VALUES(27,NULL,NULL,'BA','Bosnia and Herzegovina')
COMMIT
INSERT INTO COUNTRY VALUES(28,NULL,NULL,'BW','Botswana')
COMMIT
INSERT INTO COUNTRY VALUES(29,NULL,NULL,'BV','Bouvet Island')
COMMIT
INSERT INTO COUNTRY VALUES(30,NULL,NULL,'BR','Brazil')
COMMIT
INSERT INTO COUNTRY VALUES(31,NULL,NULL,'IO','British Indian Ocean Territory')
COMMIT
INSERT INTO COUNTRY VALUES(32,NULL,NULL,'BN','Brunei Darussalam')
COMMIT
INSERT INTO COUNTRY VALUES(33,NULL,NULL,'BG','Bulgaria')
COMMIT
INSERT INTO COUNTRY VALUES(34,NULL,NULL,'BF','Burkina Faso')
COMMIT
INSERT INTO COUNTRY VALUES(35,NULL,NULL,'BI','Burundi')
COMMIT
INSERT INTO COUNTRY VALUES(36,NULL,NULL,'KH','Cambodia')
COMMIT
INSERT INTO COUNTRY VALUES(37,NULL,NULL,'CM','Cameroon')
COMMIT
INSERT INTO COUNTRY VALUES(38,NULL,NULL,'CA','Canada')
COMMIT
INSERT INTO COUNTRY VALUES(39,NULL,NULL,'CV','Cape Verde')
COMMIT
INSERT INTO COUNTRY VALUES(40,NULL,NULL,'KY','Cayman Islands')
COMMIT
INSERT INTO COUNTRY VALUES(41,NULL,NULL,'CF','Central African Republic')
COMMIT
INSERT INTO COUNTRY VALUES(42,NULL,NULL,'TD','Chad')
COMMIT
INSERT INTO COUNTRY VALUES(43,NULL,NULL,'CL','Chile')
COMMIT
INSERT INTO COUNTRY VALUES(44,NULL,NULL,'CN','China')
COMMIT
INSERT INTO COUNTRY VALUES(45,NULL,NULL,'CX','Christmas Island')
COMMIT
INSERT INTO COUNTRY VALUES(46,NULL,NULL,'CC','Cocos (Keeling) Islands')
COMMIT
INSERT INTO COUNTRY VALUES(47,NULL,NULL,'CO','Colombia')
COMMIT
INSERT INTO COUNTRY VALUES(48,NULL,NULL,'KM','Comoros')
COMMIT
INSERT INTO COUNTRY VALUES(49,NULL,NULL,'CG','Congo')
COMMIT
INSERT INTO COUNTRY VALUES(50,NULL,NULL,'CK','Cook Islands')
COMMIT
INSERT INTO COUNTRY VALUES(51,NULL,NULL,'CR','Costa Rica')
COMMIT
INSERT INTO COUNTRY VALUES(52,NULL,NULL,'HR','Croatia (Hrvatska)')
COMMIT
INSERT INTO COUNTRY VALUES(53,NULL,NULL,'CU','Cuba')
COMMIT
INSERT INTO COUNTRY VALUES(54,NULL,NULL,'CY','Cyprus')
COMMIT
INSERT INTO COUNTRY VALUES(55,NULL,NULL,'CZ','Czech Republic')
COMMIT
INSERT INTO COUNTRY VALUES(56,NULL,NULL,'DK','Denmark')
COMMIT
INSERT INTO COUNTRY VALUES(57,NULL,NULL,'DJ','Djibouti')
COMMIT
INSERT INTO COUNTRY VALUES(58,NULL,NULL,'DM','Dominica')
COMMIT
INSERT INTO COUNTRY VALUES(59,NULL,NULL,'DO','Dominican Republic')
COMMIT
INSERT INTO COUNTRY VALUES(60,NULL,NULL,'TP','East Timor')
COMMIT
INSERT INTO COUNTRY VALUES(61,NULL,NULL,'EC','Ecuador')
COMMIT
INSERT INTO COUNTRY VALUES(62,NULL,NULL,'EG','Egypt')
COMMIT
INSERT INTO COUNTRY VALUES(63,NULL,NULL,'SV','El Salvador')
COMMIT
INSERT INTO COUNTRY VALUES(64,NULL,NULL,'GQ','Equatorial Guinea')
COMMIT
INSERT INTO COUNTRY VALUES(65,NULL,NULL,'ER','Eritrea')
COMMIT
INSERT INTO COUNTRY VALUES(66,NULL,NULL,'EE','Estonia')
COMMIT
INSERT INTO COUNTRY VALUES(67,NULL,NULL,'ET','Ethiopia')
COMMIT
INSERT INTO COUNTRY VALUES(68,NULL,NULL,'FK','Falkland Islands (Malvinas)')
COMMIT
INSERT INTO COUNTRY VALUES(69,NULL,NULL,'FO','Faroe Islands')
COMMIT
INSERT INTO COUNTRY VALUES(70,NULL,NULL,'FJ','Fiji')
COMMIT
INSERT INTO COUNTRY VALUES(71,NULL,NULL,'FI','Finland')
COMMIT
INSERT INTO COUNTRY VALUES(72,NULL,NULL,'FR','France')
COMMIT
INSERT INTO COUNTRY VALUES(73,NULL,NULL,'FX','France, Metropolitan')
COMMIT
INSERT INTO COUNTRY VALUES(74,NULL,NULL,'GF','French Guiana')
COMMIT
INSERT INTO COUNTRY VALUES(75,NULL,NULL,'PF','French Polynesia')
COMMIT
INSERT INTO COUNTRY VALUES(76,NULL,NULL,'TF','French Southern Territories')
COMMIT
INSERT INTO COUNTRY VALUES(77,NULL,NULL,'GA','Gabon')
COMMIT
INSERT INTO COUNTRY VALUES(78,NULL,NULL,'GM','Gambia')
COMMIT
INSERT INTO COUNTRY VALUES(79,NULL,NULL,'GE','Georgia')
COMMIT
INSERT INTO COUNTRY VALUES(80,NULL,NULL,'DE','Germany')
COMMIT
INSERT INTO COUNTRY VALUES(81,NULL,NULL,'GH','Ghana')
COMMIT
INSERT INTO COUNTRY VALUES(82,NULL,NULL,'GI','Gibraltar')
COMMIT
INSERT INTO COUNTRY VALUES(83,NULL,NULL,'GK','Guernsey')
COMMIT
INSERT INTO COUNTRY VALUES(84,NULL,NULL,'GR','Greece')
COMMIT
INSERT INTO COUNTRY VALUES(85,NULL,NULL,'GL','Greenland')
COMMIT
INSERT INTO COUNTRY VALUES(86,NULL,NULL,'GD','Grenada')
COMMIT
INSERT INTO COUNTRY VALUES(87,NULL,NULL,'GP','Guadeloupe')
COMMIT
INSERT INTO COUNTRY VALUES(88,NULL,NULL,'GU','Guam')
COMMIT
INSERT INTO COUNTRY VALUES(89,NULL,NULL,'GT','Guatemala')
COMMIT
INSERT INTO COUNTRY VALUES(90,NULL,NULL,'GN','Guinea')
COMMIT
INSERT INTO COUNTRY VALUES(91,NULL,NULL,'GW','Guinea-Bissau')
COMMIT
INSERT INTO COUNTRY VALUES(92,NULL,NULL,'GY','Guyana')
COMMIT
INSERT INTO COUNTRY VALUES(93,NULL,NULL,'HT','Haiti')
COMMIT
INSERT INTO COUNTRY VALUES(94,NULL,NULL,'HM','Heard and Mc Donald Islands')
COMMIT
INSERT INTO COUNTRY VALUES(95,NULL,NULL,'HN','Honduras')
COMMIT
INSERT INTO COUNTRY VALUES(96,NULL,NULL,'HK','Hong Kong')
COMMIT
INSERT INTO COUNTRY VALUES(97,NULL,NULL,'HU','Hungary')
COMMIT
INSERT INTO COUNTRY VALUES(98,NULL,NULL,'IS','Iceland')
COMMIT
INSERT INTO COUNTRY VALUES(99,NULL,NULL,'IN','India')
COMMIT
INSERT INTO COUNTRY VALUES(100,NULL,NULL,'IM','Isle of Man')
COMMIT
INSERT INTO COUNTRY VALUES(101,NULL,NULL,'ID','Indonesia')
COMMIT
INSERT INTO COUNTRY VALUES(102,NULL,NULL,'IR','Iran (Islamic Republic of)')
COMMIT
INSERT INTO COUNTRY VALUES(103,NULL,NULL,'IQ','Iraq')
COMMIT
INSERT INTO COUNTRY VALUES(104,NULL,NULL,'IE','Ireland')
COMMIT
INSERT INTO COUNTRY VALUES(105,NULL,NULL,'IL','Israel')
COMMIT
INSERT INTO COUNTRY VALUES(106,NULL,NULL,'IT','Italy')
COMMIT
INSERT INTO COUNTRY VALUES(107,NULL,NULL,'CI','Ivory Coast')
COMMIT
INSERT INTO COUNTRY VALUES(108,NULL,NULL,'JE','Jersey')
COMMIT
INSERT INTO COUNTRY VALUES(109,NULL,NULL,'JM','Jamaica')
COMMIT
INSERT INTO COUNTRY VALUES(110,NULL,NULL,'JP','Japan')
COMMIT
INSERT INTO COUNTRY VALUES(111,NULL,NULL,'JO','Jordan')
COMMIT
INSERT INTO COUNTRY VALUES(112,NULL,NULL,'KZ','Kazakhstan')
COMMIT
INSERT INTO COUNTRY VALUES(113,NULL,NULL,'KE','Kenya')
COMMIT
INSERT INTO COUNTRY VALUES(114,NULL,NULL,'KI','Kiribati')
COMMIT
INSERT INTO COUNTRY VALUES(115,NULL,NULL,'KP','Korea, Democratic People''s Republic of')
COMMIT
INSERT INTO COUNTRY VALUES(116,NULL,NULL,'KR','Korea, Republic of')
COMMIT
INSERT INTO COUNTRY VALUES(117,NULL,NULL,'XK','Kosovo')
COMMIT
INSERT INTO COUNTRY VALUES(118,NULL,NULL,'KW','Kuwait')
COMMIT
INSERT INTO COUNTRY VALUES(119,NULL,NULL,'KG','Kyrgyzstan')
COMMIT
INSERT INTO COUNTRY VALUES(120,NULL,NULL,'LA','Lao People''s Democratic Republic')
COMMIT
INSERT INTO COUNTRY VALUES(121,NULL,NULL,'LV','Latvia')
COMMIT
INSERT INTO COUNTRY VALUES(122,NULL,NULL,'LB','Lebanon')
COMMIT
INSERT INTO COUNTRY VALUES(123,NULL,NULL,'LS','Lesotho')
COMMIT
INSERT INTO COUNTRY VALUES(124,NULL,NULL,'LR','Liberia')
COMMIT
INSERT INTO COUNTRY VALUES(125,NULL,NULL,'LY','Libyan Arab Jamahiriya')
COMMIT
INSERT INTO COUNTRY VALUES(126,NULL,NULL,'LI','Liechtenstein')
COMMIT
INSERT INTO COUNTRY VALUES(127,NULL,NULL,'LT','Lithuania')
COMMIT
INSERT INTO COUNTRY VALUES(128,NULL,NULL,'LU','Luxembourg')
COMMIT
INSERT INTO COUNTRY VALUES(129,NULL,NULL,'MO','Macau')
COMMIT
INSERT INTO COUNTRY VALUES(130,NULL,NULL,'MK','Macedonia')
COMMIT
INSERT INTO COUNTRY VALUES(131,NULL,NULL,'MG','Madagascar')
COMMIT
INSERT INTO COUNTRY VALUES(132,NULL,NULL,'MW','Malawi')
COMMIT
INSERT INTO COUNTRY VALUES(133,NULL,NULL,'MY','Malaysia')
COMMIT
INSERT INTO COUNTRY VALUES(134,NULL,NULL,'MV','Maldives')
COMMIT
INSERT INTO COUNTRY VALUES(135,NULL,NULL,'ML','Mali')
COMMIT
INSERT INTO COUNTRY VALUES(136,NULL,NULL,'MT','Malta')
COMMIT
INSERT INTO COUNTRY VALUES(137,NULL,NULL,'MH','Marshall Islands')
COMMIT
INSERT INTO COUNTRY VALUES(138,NULL,NULL,'MQ','Martinique')
COMMIT
INSERT INTO COUNTRY VALUES(139,NULL,NULL,'MR','Mauritania')
COMMIT
INSERT INTO COUNTRY VALUES(140,NULL,NULL,'MU','Mauritius')
COMMIT
INSERT INTO COUNTRY VALUES(141,NULL,NULL,'TY','Mayotte')
COMMIT
INSERT INTO COUNTRY VALUES(142,NULL,NULL,'MX','Mexico')
COMMIT
INSERT INTO COUNTRY VALUES(143,NULL,NULL,'FM','Micronesia, Federated States of')
COMMIT
INSERT INTO COUNTRY VALUES(144,NULL,NULL,'MD','Moldova, Republic of')
COMMIT
INSERT INTO COUNTRY VALUES(145,NULL,NULL,'MC','Monaco')
COMMIT
INSERT INTO COUNTRY VALUES(146,NULL,NULL,'MN','Mongolia')
COMMIT
INSERT INTO COUNTRY VALUES(147,NULL,NULL,'ME','Montenegro')
COMMIT
INSERT INTO COUNTRY VALUES(148,NULL,NULL,'MS','Montserrat')
COMMIT
INSERT INTO COUNTRY VALUES(149,NULL,NULL,'MA','Morocco')
COMMIT
INSERT INTO COUNTRY VALUES(150,NULL,NULL,'MZ','Mozambique')
COMMIT
INSERT INTO COUNTRY VALUES(151,NULL,NULL,'MM','Myanmar')
COMMIT
INSERT INTO COUNTRY VALUES(152,NULL,NULL,'NA','Namibia')
COMMIT
INSERT INTO COUNTRY VALUES(153,NULL,NULL,'NR','Nauru')
COMMIT
INSERT INTO COUNTRY VALUES(154,NULL,NULL,'NP','Nepal')
COMMIT
INSERT INTO COUNTRY VALUES(155,NULL,NULL,'NL','Netherlands')
COMMIT
INSERT INTO COUNTRY VALUES(156,NULL,NULL,'AN','Netherlands Antilles')
COMMIT
INSERT INTO COUNTRY VALUES(157,NULL,NULL,'NC','New Caledonia')
COMMIT
INSERT INTO COUNTRY VALUES(158,NULL,NULL,'NZ','New Zealand')
COMMIT
INSERT INTO COUNTRY VALUES(159,NULL,NULL,'NI','Nicaragua')
COMMIT
INSERT INTO COUNTRY VALUES(160,NULL,NULL,'NE','Niger')
COMMIT
INSERT INTO COUNTRY VALUES(161,NULL,NULL,'NG','Nigeria')
COMMIT
INSERT INTO COUNTRY VALUES(162,NULL,NULL,'NU','Niue')
COMMIT
INSERT INTO COUNTRY VALUES(163,NULL,NULL,'NF','Norfolk Island')
COMMIT
INSERT INTO COUNTRY VALUES(164,NULL,NULL,'MP','Northern Mariana Islands')
COMMIT
INSERT INTO COUNTRY VALUES(165,NULL,NULL,'NO','Norway')
COMMIT
INSERT INTO COUNTRY VALUES(166,NULL,NULL,'OM','Oman')
COMMIT
INSERT INTO COUNTRY VALUES(167,NULL,NULL,'PK','Pakistan')
COMMIT
INSERT INTO COUNTRY VALUES(168,NULL,NULL,'PW','Palau')
COMMIT
INSERT INTO COUNTRY VALUES(169,NULL,NULL,'PS','Palestine')
COMMIT
INSERT INTO COUNTRY VALUES(170,NULL,NULL,'PA','Panama')
COMMIT
INSERT INTO COUNTRY VALUES(171,NULL,NULL,'PG','Papua New Guinea')
COMMIT
INSERT INTO COUNTRY VALUES(172,NULL,NULL,'PY','Paraguay')
COMMIT
INSERT INTO COUNTRY VALUES(173,NULL,NULL,'PE','Peru')
COMMIT
INSERT INTO COUNTRY VALUES(174,NULL,NULL,'PH','Philippines')
COMMIT
INSERT INTO COUNTRY VALUES(175,NULL,NULL,'PN','Pitcairn')
COMMIT
INSERT INTO COUNTRY VALUES(176,NULL,NULL,'PL','Poland')
COMMIT
INSERT INTO COUNTRY VALUES(177,NULL,NULL,'PT','Portugal')
COMMIT
INSERT INTO COUNTRY VALUES(178,NULL,NULL,'PR','Puerto Rico')
COMMIT
INSERT INTO COUNTRY VALUES(179,NULL,NULL,'QA','Qatar')
COMMIT
INSERT INTO COUNTRY VALUES(180,NULL,NULL,'RE','Reunion')
COMMIT
INSERT INTO COUNTRY VALUES(181,NULL,NULL,'RO','Romania')
COMMIT
INSERT INTO COUNTRY VALUES(182,NULL,NULL,'RU','Russian Federation')
COMMIT
INSERT INTO COUNTRY VALUES(183,NULL,NULL,'RW','Rwanda')
COMMIT
INSERT INTO COUNTRY VALUES(184,NULL,NULL,'KN','Saint Kitts and Nevis')
COMMIT
INSERT INTO COUNTRY VALUES(185,NULL,NULL,'LC','Saint Lucia')
COMMIT
INSERT INTO COUNTRY VALUES(186,NULL,NULL,'VC','Saint Vincent and the Grenadines')
COMMIT
INSERT INTO COUNTRY VALUES(187,NULL,NULL,'WS','Samoa')
COMMIT
INSERT INTO COUNTRY VALUES(188,NULL,NULL,'SM','San Marino')
COMMIT
INSERT INTO COUNTRY VALUES(189,NULL,NULL,'ST','Sao Tome and Principe')
COMMIT
INSERT INTO COUNTRY VALUES(190,NULL,NULL,'SA','Saudi Arabia')
COMMIT
INSERT INTO COUNTRY VALUES(191,NULL,NULL,'SN','Senegal')
COMMIT
INSERT INTO COUNTRY VALUES(192,NULL,NULL,'RS','Serbia')
COMMIT
INSERT INTO COUNTRY VALUES(193,NULL,NULL,'SC','Seychelles')
COMMIT
INSERT INTO COUNTRY VALUES(194,NULL,NULL,'SL','Sierra Leone')
COMMIT
INSERT INTO COUNTRY VALUES(195,NULL,NULL,'SG','Singapore')
COMMIT
INSERT INTO COUNTRY VALUES(196,NULL,NULL,'SK','Slovakia')
COMMIT
INSERT INTO COUNTRY VALUES(197,NULL,NULL,'SI','Slovenia')
COMMIT
INSERT INTO COUNTRY VALUES(198,NULL,NULL,'SB','Solomon Islands')
COMMIT
INSERT INTO COUNTRY VALUES(199,NULL,NULL,'SO','Somalia')
COMMIT
INSERT INTO COUNTRY VALUES(200,NULL,NULL,'ZA','South Africa')
COMMIT
INSERT INTO COUNTRY VALUES(201,NULL,NULL,'GS','South Georgia South Sandwich Islands')
COMMIT
INSERT INTO COUNTRY VALUES(202,NULL,NULL,'ES','Spain')
COMMIT
INSERT INTO COUNTRY VALUES(203,NULL,NULL,'LK','Sri Lanka')
COMMIT
INSERT INTO COUNTRY VALUES(204,NULL,NULL,'SH','St. Helena')
COMMIT
INSERT INTO COUNTRY VALUES(205,NULL,NULL,'PM','St. Pierre and Miquelon')
COMMIT
INSERT INTO COUNTRY VALUES(206,NULL,NULL,'SD','Sudan')
COMMIT
INSERT INTO COUNTRY VALUES(207,NULL,NULL,'SR','Suriname')
COMMIT
INSERT INTO COUNTRY VALUES(208,NULL,NULL,'SJ','Svalbard and Jan Mayen Islands')
COMMIT
INSERT INTO COUNTRY VALUES(209,NULL,NULL,'SZ','Swaziland')
COMMIT
INSERT INTO COUNTRY VALUES(210,NULL,NULL,'SE','Sweden')
COMMIT
INSERT INTO COUNTRY VALUES(211,NULL,NULL,'CH','Switzerland')
COMMIT
INSERT INTO COUNTRY VALUES(212,NULL,NULL,'SY','Syrian Arab Republic')
COMMIT
INSERT INTO COUNTRY VALUES(213,NULL,NULL,'TW','Taiwan')
COMMIT
INSERT INTO COUNTRY VALUES(214,NULL,NULL,'TJ','Tajikistan')
COMMIT
INSERT INTO COUNTRY VALUES(215,NULL,NULL,'TZ','Tanzania, United Republic of')
COMMIT
INSERT INTO COUNTRY VALUES(216,NULL,NULL,'TH','Thailand')
COMMIT
INSERT INTO COUNTRY VALUES(217,NULL,NULL,'TG','Togo')
COMMIT
INSERT INTO COUNTRY VALUES(218,NULL,NULL,'TK','Tokelau')
COMMIT
INSERT INTO COUNTRY VALUES(219,NULL,NULL,'TO','Tonga')
COMMIT
INSERT INTO COUNTRY VALUES(220,NULL,NULL,'TT','Trinidad and Tobago')
COMMIT
INSERT INTO COUNTRY VALUES(221,NULL,NULL,'TN','Tunisia')
COMMIT
INSERT INTO COUNTRY VALUES(222,NULL,NULL,'TR','Turkey')
COMMIT
INSERT INTO COUNTRY VALUES(223,NULL,NULL,'TM','Turkmenistan')
COMMIT
INSERT INTO COUNTRY VALUES(224,NULL,NULL,'TC','Turks and Caicos Islands')
COMMIT
INSERT INTO COUNTRY VALUES(225,NULL,NULL,'TV','Tuvalu')
COMMIT
INSERT INTO COUNTRY VALUES(226,NULL,NULL,'UG','Uganda')
COMMIT
INSERT INTO COUNTRY VALUES(227,NULL,NULL,'UA','Ukraine')
COMMIT
INSERT INTO COUNTRY VALUES(228,NULL,NULL,'AE','United Arab Emirates')
COMMIT
INSERT INTO COUNTRY VALUES(229,NULL,NULL,'GB','United Kingdom')
COMMIT
INSERT INTO COUNTRY VALUES(230,NULL,NULL,'US','United States')
COMMIT
INSERT INTO COUNTRY VALUES(231,NULL,NULL,'UM','United States minor outlying islands')
COMMIT
INSERT INTO COUNTRY VALUES(232,NULL,NULL,'UY','Uruguay')
COMMIT
INSERT INTO COUNTRY VALUES(233,NULL,NULL,'UZ','Uzbekistan')
COMMIT
INSERT INTO COUNTRY VALUES(234,NULL,NULL,'VU','Vanuatu')
COMMIT
INSERT INTO COUNTRY VALUES(235,NULL,NULL,'VA','Vatican City State')
COMMIT
INSERT INTO COUNTRY VALUES(236,NULL,NULL,'VE','Venezuela')
COMMIT
INSERT INTO COUNTRY VALUES(237,NULL,NULL,'VN','Vietnam')
COMMIT
INSERT INTO COUNTRY VALUES(238,NULL,NULL,'VG','Virgin Islands (British)')
COMMIT
INSERT INTO COUNTRY VALUES(239,NULL,NULL,'VI','Virgin Islands (U.S.)')
COMMIT
INSERT INTO COUNTRY VALUES(240,NULL,NULL,'WF','Wallis and Futuna Islands')
COMMIT
INSERT INTO COUNTRY VALUES(241,NULL,NULL,'EH','Western Sahara')
COMMIT
INSERT INTO COUNTRY VALUES(242,NULL,NULL,'YE','Yemen')
COMMIT
INSERT INTO COUNTRY VALUES(243,NULL,NULL,'YU','Yugoslavia')
COMMIT
INSERT INTO COUNTRY VALUES(244,NULL,NULL,'ZR','Zaire')
COMMIT
INSERT INTO COUNTRY VALUES(245,NULL,NULL,'ZM','Zambia')
COMMIT
INSERT INTO COUNTRY VALUES(246,NULL,NULL,'ZW','Zimbabwe')
COMMIT
INSERT INTO CURRENCY VALUES(1,NULL,NULL,'EUR','Euro')
COMMIT
INSERT INTO CURRENCY VALUES(2,NULL,NULL,'USD','United States Dollar')
COMMIT
INSERT INTO CURRENCY VALUES(3,NULL,NULL,'GBP','British Pound Sterling')
COMMIT
INSERT INTO CURRENCY VALUES(4,NULL,NULL,'NZD','New Zealand Dollar')
COMMIT
INSERT INTO CURRENCY VALUES(5,NULL,NULL,'AUD','Australian Dollar')
COMMIT
INSERT INTO CURRENCY VALUES(6,NULL,NULL,'JPY','Japanese Yen')
COMMIT
INSERT INTO CURRENCY VALUES(7,NULL,NULL,'HUF','Hungarian Forint')
COMMIT
INSERT INTO USERS VALUES(1,NULL,NULL,'1977-05-15 00:00:00.000000','city','ivica.boskovic@gmail.com','ivica','boskovic','7b52009b64fd0a2a49e6d8a939753077792b0554','ROLE_USER','street','zip',1)
COMMIT
